[2021-09-13T17:48:05.329Z] info Server running at the port 8080
[2021-09-13T18:14:51.168Z] info Server running at the port 8080
[2021-09-13T18:15:08.859Z] info Server running at the port 8080
[2021-09-13T18:15:10.702Z] info Server running at the port 8080
[2021-09-13T18:15:25.123Z] info Server running at the port 8080
[2021-09-13T18:15:25.760Z] info Database ONLINE
[2021-09-13T18:15:41.861Z] info Server running at the port 8080
[2021-09-13T18:15:42.526Z] info Database ONLINE
[2021-09-13T18:15:53.670Z] info Server running at the port 8080
[2021-09-13T18:15:54.484Z] error Database ONLINE
[2021-09-13T18:16:01.054Z] info Server running at the port 8080
[2021-09-13T18:16:01.798Z] info Database ONLINE
[2021-09-13T22:45:44.873Z] info Server running at the port 8080
[2021-09-13T22:45:45.617Z] info Database ONLINE
[2021-09-13T22:55:04.233Z] info Server running at the port 8080
[2021-09-13T22:55:04.888Z] info Database ONLINE
[2021-09-13T22:55:16.810Z] info Server running at the port 8080
[2021-09-13T22:55:17.397Z] info Database ONLINE
[2021-09-13T22:55:52.788Z] info Server running at the port 8080
[2021-09-13T22:55:53.376Z] info Database ONLINE
[2021-09-13T22:59:37.637Z] info Server running at the port 8080
[2021-09-13T22:59:38.405Z] info Database ONLINE
[2021-09-13T23:19:01.416Z] info Server running at the port 8080
[2021-09-13T23:19:02.058Z] info Database ONLINE
[2021-09-19T23:41:48.919Z] info Server running at the port 8080
[2021-09-19T23:41:49.621Z] info Database ONLINE
[2021-09-20T00:24:01.550Z] info Server running at the port 8080
[2021-09-20T00:24:02.254Z] info Database ONLINE
[2021-09-20T00:24:06.229Z] info Server running at the port 8080
[2021-09-20T00:24:06.846Z] info Database ONLINE
[2021-09-20T02:05:15.945Z] info Server running at the port 8080
[2021-09-20T02:05:16.630Z] info Database ONLINE
[2021-09-20T02:05:29.101Z] info Server running at the port 8080
[2021-09-20T02:05:29.688Z] info Database ONLINE
[2021-09-20T02:05:55.623Z] info Server running at the port 8080
[2021-09-20T02:05:56.207Z] info Database ONLINE
[2021-09-20T02:06:03.880Z] info Server running at the port 8080
[2021-09-20T02:06:04.469Z] info Database ONLINE
[2021-09-20T02:06:08.104Z] info Server running at the port 8080
[2021-09-20T02:06:08.725Z] info Database ONLINE
[2021-09-20T02:13:12.861Z] info Server running at the port 8080
[2021-09-20T02:13:13.546Z] info Database ONLINE
[2021-09-20T02:13:35.799Z] info Server running at the port 8080
[2021-09-20T02:13:36.387Z] info Database ONLINE
[2021-09-20T02:13:45.586Z] info Server running at the port 8080
[2021-09-20T02:13:46.215Z] info Database ONLINE
[2021-09-20T02:14:13.388Z] info Server running at the port 8080
[2021-09-20T02:14:14.100Z] info Database ONLINE
[2021-09-20T02:14:26.302Z] info Server running at the port 8080
[2021-09-20T02:14:26.924Z] info Database ONLINE
[2021-09-20T02:14:43.458Z] info Server running at the port 8080
[2021-09-20T02:14:44.080Z] info Database ONLINE
[2021-09-20T02:16:12.166Z] info Server running at the port 8080
[2021-09-20T02:16:12.824Z] info Database ONLINE
[2021-09-20T02:16:32.866Z] info Server running at the port 8080
[2021-09-20T02:16:33.464Z] info Database ONLINE
[2021-09-20T02:16:36.321Z] info Server running at the port 8080
[2021-09-20T02:16:36.963Z] info Database ONLINE
[2021-09-20T02:16:53.510Z] info Server running at the port 8080
[2021-09-20T02:16:54.362Z] info Database ONLINE
[2021-09-20T02:17:19.581Z] info Server running at the port 8080
[2021-09-20T02:17:20.255Z] info Database ONLINE
[2021-09-20T02:17:52.343Z] info Server running at the port 8080
[2021-09-20T02:17:52.966Z] info Database ONLINE
[2021-09-20T02:18:55.842Z] info Server running at the port 8080
[2021-09-20T02:18:56.513Z] info Database ONLINE
[2021-09-20T02:19:11.532Z] info Server running at the port 8080
[2021-09-20T02:19:12.169Z] info Database ONLINE
[2021-09-20T02:19:22.153Z] info Server running at the port 8080
[2021-09-20T02:19:27.201Z] info Database ONLINE
[2021-09-20T02:32:30.768Z] info Server running at the port 8080
[2021-09-20T02:32:31.415Z] info Database ONLINE
[2021-09-20T02:32:46.270Z] info Server running at the port 8080
[2021-09-20T02:32:46.872Z] info Database ONLINE
[2021-09-20T02:32:53.282Z] info Server running at the port 8080
[2021-09-20T02:32:53.874Z] info Database ONLINE
[2021-09-20T02:36:32.861Z] info Server running at the port 8080
[2021-09-20T02:36:33.549Z] info Database ONLINE
[2021-09-20T02:36:37.615Z] info Server running at the port 8080
[2021-09-20T02:36:38.196Z] info Database ONLINE
[2021-09-20T02:36:43.758Z] info Server running at the port 8080
[2021-09-20T02:36:44.346Z] info Database ONLINE
[2021-09-20T02:37:02.197Z] info Server running at the port 8080
[2021-09-20T02:37:02.769Z] info Database ONLINE
[2021-09-20T02:37:11.608Z] info Server running at the port 8080
[2021-09-20T02:37:12.220Z] info Database ONLINE
[2021-09-20T02:37:23.433Z] info Server running at the port 8080
[2021-09-20T02:37:24.037Z] info Database ONLINE
[2021-09-20T02:37:29.049Z] info Server running at the port 8080
[2021-09-20T02:37:29.643Z] info Database ONLINE
[2021-09-20T02:37:35.807Z] info Server running at the port 8080
[2021-09-20T02:37:36.512Z] info Database ONLINE
[2021-09-20T02:41:26.454Z] info Server running at the port 8080
[2021-09-20T02:41:27.163Z] info Database ONLINE
[2021-09-20T02:41:31.250Z] info Server running at the port 8080
[2021-09-20T02:41:31.817Z] info Database ONLINE
[2021-09-20T02:45:31.673Z] info Server running at the port 8080
[2021-09-20T02:45:32.409Z] info Database ONLINE
[2021-09-20T02:45:41.507Z] info Server running at the port 8080
[2021-09-20T02:45:42.266Z] info Database ONLINE
[2021-09-20T02:47:53.470Z] info Server running at the port 8080
[2021-09-20T02:47:54.200Z] info Database ONLINE
[2021-10-22T02:05:28.215Z] info Server running at the port 8080
[2021-10-22T02:05:28.860Z] info Database ONLINE
[2021-10-22T02:22:34.246Z] info Server running at the port 8080
[2021-10-22T02:22:34.953Z] info Database ONLINE
[2021-10-22T02:40:39.763Z] info Server running at the port 8080
[2021-10-22T02:40:40.439Z] info Database ONLINE
[2021-10-22T02:58:32.618Z] error Error: ReferenceError: Subcategory is not defined
[2021-10-22T02:59:42.619Z] error Error: ReferenceError: Subcategory is not defined
[2021-10-22T03:00:37.071Z] info Server running at the port 8080
[2021-10-22T03:00:37.813Z] info Database ONLINE
[2021-10-22T03:01:44.259Z] info Server running at the port 8080
[2021-10-22T03:01:44.952Z] info Database ONLINE
[2021-10-22T03:01:48.733Z] error Error: ReferenceError: Subcategory is not defined
[2021-10-22T03:02:08.012Z] info Server running at the port 8080
[2021-10-22T03:02:08.613Z] info Database ONLINE
[2021-10-22T03:20:02.478Z] info Server running at the port 8080
[2021-10-22T03:20:03.144Z] info Database ONLINE
[2021-10-22T03:20:06.971Z] error Error: ReferenceError: Content is not defined
[2021-10-22T03:20:32.957Z] error Error: ReferenceError: Content is not defined
[2021-10-22T03:20:39.183Z] info Server running at the port 8080
[2021-10-22T03:20:39.765Z] info Database ONLINE
[2021-10-22T03:22:38.388Z] error Error: ReferenceError: Content is not defined
[2021-10-22T03:22:50.134Z] info Server running at the port 8080
[2021-10-22T03:22:50.834Z] info Database ONLINE
[2021-10-22T03:43:39.965Z] info Server running at the port 8080
[2021-10-22T03:43:40.624Z] info Database ONLINE
[2021-10-22T03:51:51.097Z] info Server running at the port 8080
[2021-10-22T03:51:51.865Z] info Database ONLINE
[2021-10-22T03:56:33.953Z] info Server running at the port 8080
[2021-10-22T03:56:34.611Z] info Database ONLINE
[2021-10-22T04:05:12.480Z] info Server running at the port 8080
[2021-10-22T04:05:13.153Z] info Database ONLINE
[2021-10-22T04:09:46.784Z] info Server running at the port 8080
[2021-10-22T04:09:47.490Z] info Database ONLINE
[2021-10-22T04:10:30.089Z] info Server running at the port 8080
[2021-10-22T04:10:30.685Z] info Database ONLINE
[2021-10-22T04:10:43.898Z] error Error: ReferenceError: newRating is not defined
[2021-10-22T04:11:10.562Z] info Server running at the port 8080
[2021-10-22T04:11:11.284Z] info Database ONLINE
[2021-10-22T04:11:11.585Z] error Error: TypeError: Assignment to constant variable.
[2021-10-22T04:11:14.724Z] error Error: TypeError: Assignment to constant variable.
[2021-10-22T04:11:42.143Z] info Server running at the port 8080
[2021-10-22T04:11:42.737Z] info Database ONLINE
[2021-10-28T19:12:29.638Z] info Server running at the port 8080
[2021-10-28T19:12:30.338Z] info Database ONLINE
[2021-11-20T05:03:40.735Z] info Server running at the port 8080
[2021-11-20T05:03:41.401Z] info Database ONLINE
[2021-11-20T05:03:50.110Z] error Error: TypeError: Converting circular structure to JSON
    --> starting at object with constructor 'NativeTopology'
    |     property 's' -> object with constructor 'Object'
    |     property 'sessionPool' -> object with constructor 'ServerSessionPool'
    --- property 'topology' closes the circle
[2021-11-20T05:03:51.149Z] error Error: TypeError: Converting circular structure to JSON
    --> starting at object with constructor 'NativeTopology'
    |     property 's' -> object with constructor 'Object'
    |     property 'sessionPool' -> object with constructor 'ServerSessionPool'
    --- property 'topology' closes the circle
[2021-11-20T05:03:51.768Z] error Error: TypeError: Converting circular structure to JSON
    --> starting at object with constructor 'NativeTopology'
    |     property 's' -> object with constructor 'Object'
    |     property 'sessionPool' -> object with constructor 'ServerSessionPool'
    --- property 'topology' closes the circle
[2021-11-20T05:04:18.756Z] info Server running at the port 8080
[2021-11-20T05:04:19.372Z] info Database ONLINE
[2021-11-20T05:04:21.443Z] error Error: TypeError: Converting circular structure to JSON
    --> starting at object with constructor 'NativeTopology'
    |     property 's' -> object with constructor 'Object'
    |     property 'sessionPool' -> object with constructor 'ServerSessionPool'
    --- property 'topology' closes the circle
[2021-11-20T05:04:33.788Z] info Server running at the port 8080
[2021-11-20T05:04:34.393Z] error Error: TypeError: Converting circular structure to JSON
    --> starting at object with constructor 'NativeConnection'
    |     property 'base' -> object with constructor 'Mongoose'
    |     property 'connections' -> object with constructor 'Array'
    --- index 0 closes the circle
[2021-11-20T05:04:34.407Z] info Database ONLINE
[2021-11-20T05:04:35.587Z] error Error: TypeError: Converting circular structure to JSON
    --> starting at object with constructor 'NativeTopology'
    |     property 's' -> object with constructor 'Object'
    |     property 'sessionPool' -> object with constructor 'ServerSessionPool'
    --- property 'topology' closes the circle
[2021-11-20T05:05:02.663Z] error Error: TypeError: Converting circular structure to JSON
    --> starting at object with constructor 'NativeTopology'
    |     property 's' -> object with constructor 'Object'
    |     property 'sessionPool' -> object with constructor 'ServerSessionPool'
    --- property 'topology' closes the circle
[2021-11-20T05:05:22.279Z] info Server running at the port 8080
[2021-11-20T05:05:22.919Z] info Database ONLINE
[2021-11-20T05:06:47.809Z] info Server running at the port 8080
[2021-11-20T05:06:48.476Z] info Database ONLINE
[2021-11-20T05:06:59.883Z] info Server running at the port 8080
[2021-11-20T05:07:00.500Z] info Database ONLINE
[2021-11-20T05:07:32.175Z] info Server running at the port 8080
[2021-11-20T05:07:32.782Z] info Database ONLINE
[2021-11-20T05:07:37.577Z] error Error: CastError: Cast to ObjectId failed for value "{ id: '61987ec75cf03b00165e6d07' }" (type Object) at path "review" for model "Coment"
[2021-11-20T05:08:01.795Z] info Server running at the port 8080
[2021-11-20T05:08:02.049Z] error Error: CastError: Cast to ObjectId failed for value "{ id: '61987ec75cf03b00165e6d07' }" (type Object) at path "review" for model "Coment"
[2021-11-20T05:08:02.533Z] info Database ONLINE
[2021-11-20T05:08:09.718Z] info Server running at the port 8080
[2021-11-20T05:08:10.347Z] info Database ONLINE
[2021-11-20T05:08:29.910Z] info Server running at the port 8080
[2021-11-20T05:08:30.532Z] info Database ONLINE
[2021-11-20T05:08:35.481Z] info Server running at the port 8080
[2021-11-20T05:08:36.092Z] info Database ONLINE
[2021-11-20T05:08:57.771Z] info Server running at the port 8080
[2021-11-20T05:08:58.400Z] info Database ONLINE
[2021-11-20T05:09:40.787Z] info Server running at the port 8080
[2021-11-20T05:09:41.450Z] info Database ONLINE
[2021-11-20T05:10:33.139Z] info Server running at the port 8080
[2021-11-20T05:10:33.831Z] info Database ONLINE
[2021-11-20T05:11:49.472Z] info Server running at the port 8080
[2021-11-20T05:11:50.130Z] info Database ONLINE
[2021-11-20T05:14:44.220Z] info Server running at the port 8080
[2021-11-20T05:14:44.894Z] info Database ONLINE
[2021-11-20T05:15:00.136Z] info Server running at the port 8080
[2021-11-20T05:15:00.737Z] info Database ONLINE
[2021-11-20T05:15:28.496Z] info Server running at the port 8080
[2021-11-20T05:15:29.101Z] info Database ONLINE
[2021-11-20T05:15:53.802Z] info Server running at the port 8080
[2021-11-20T05:15:54.466Z] info Database ONLINE
[2021-11-20T05:16:00.546Z] error Error: CastError: Cast to ObjectId failed for value "{ id: '61975510be4c010016884fba' }" (type Object) at path "review" for model "Coment"
[2021-11-20T05:16:22.346Z] info Server running at the port 8080
[2021-11-20T05:16:22.493Z] error Error: CastError: Cast to ObjectId failed for value "{ id: '61975510be4c010016884fba' }" (type Object) at path "review" for model "Coment"
[2021-11-20T05:16:22.982Z] info Database ONLINE
[2021-11-20T05:16:23.430Z] error Error: CastError: Cast to ObjectId failed for value "{ id: '61975510be4c010016884fba' }" (type Object) at path "review" for model "Coment"
[2021-11-20T05:18:33.496Z] info Server running at the port 8080
[2021-11-20T05:18:34.188Z] info Database ONLINE
[2021-11-20T05:18:37.271Z] info Server running at the port 8080
[2021-11-20T05:18:37.896Z] info Database ONLINE
[2021-11-20T05:18:58.259Z] info Server running at the port 8080
[2021-11-20T05:18:58.879Z] info Database ONLINE
[2021-11-20T05:19:15.082Z] info Server running at the port 8080
[2021-11-20T05:19:15.711Z] info Database ONLINE
[2021-11-20T05:19:26.478Z] info Server running at the port 8080
[2021-11-20T05:19:27.110Z] info Database ONLINE
[2021-11-20T05:19:41.240Z] info Server running at the port 8080
[2021-11-20T05:19:42.922Z] info Server running at the port 8080
[2021-11-20T05:19:43.595Z] info Database ONLINE
[2021-11-20T05:20:14.303Z] info Server running at the port 8080
[2021-11-20T05:20:14.968Z] info Database ONLINE
[2021-11-20T05:20:37.985Z] info Server running at the port 8080
[2021-11-20T05:20:38.626Z] info Database ONLINE
